-------------------------------------------------------------------------------
Test set: test.java.chapter12.HelloWorldTest
-------------------------------------------------------------------------------
Tests run: 1, Failures: 1, Errors: 0, Skipped: 0, Time elapsed: 0.02 s <<< FAILURE! - in test.java.chapter12.HelloWorldTest
test.java.chapter12.HelloWorldTest.test  Time elapsed: 0.003 s  <<< FAILURE!
org.opentest4j.AssertionFailedError: まだ実装されていません
	at test.java.chapter12.HelloWorldTest.test(HelloWorldTest.java:11)

